[2019-07-25 21:37:59,777][zhiyuan_cart.py:133][INFO][4698928576] 2019-08-28 12:28:23.000000 1000 200
[2019-07-25 21:37:59,777][zhiyuan_cart.py:135][INFO][4698928576] 4163.00
[2019-07-25 21:39:09,797][zhiyuan_cart.py:133][INFO][4544046528] 2019-08-28 12:28:23.000000 1000 200
[2019-07-25 21:39:09,797][zhiyuan_cart.py:135][INFO][4544046528] 4163.00
[2019-07-25 21:39:09,798][zhiyuan_cart.py:190][INFO][4544046528] You have 18 items in your cart for a total of $1964.00
[2019-07-25 21:39:58,126][zhiyuan_cart.py:148][INFO][4419216832] 1 * 名称: 苹果平板电脑 型号: ipad_2012  2399.00
[2019-07-25 21:39:58,127][zhiyuan_cart.py:154][INFO][4419216832] 1 * 显示器 型号: displayer_2019  1799.00
[2019-07-25 21:39:58,127][zhiyuan_cart.py:160][INFO][4419216832] 12 * 啤酒 型号: Beer_0722  10.00
[2019-07-25 21:39:58,127][zhiyuan_cart.py:166][INFO][4419216832] 5 * 面包 型号: bread_0722  9.00
[2019-07-25 21:39:58,137][zhiyuan_cart.py:183][INFO][4419216832] {'cp_id': 1, 'reduct_total': 1000, 'reduct_num': 200, 'availab': True}
[2019-07-25 21:39:58,138][zhiyuan_cart.py:185][INFO][4419216832] 19
[2019-07-25 21:39:58,138][zhiyuan_cart.py:133][INFO][4419216832] 2019-08-28 12:28:23.000000 1000 200
[2019-07-25 21:39:58,138][zhiyuan_cart.py:135][INFO][4419216832] 4163.00
[2019-07-25 21:40:21,762][zhiyuan_cart.py:148][INFO][4666963392] 1 * 名称: 苹果平板电脑 型号: ipad_2012  2399.00
[2019-07-25 21:40:21,762][zhiyuan_cart.py:154][INFO][4666963392] 1 * 显示器 型号: displayer_2019  1799.00
[2019-07-25 21:40:21,762][zhiyuan_cart.py:160][INFO][4666963392] 12 * 啤酒 型号: Beer_0722  10.00
[2019-07-25 21:40:21,762][zhiyuan_cart.py:166][INFO][4666963392] 5 * 面包 型号: bread_0722  9.00
[2019-07-25 21:40:21,762][zhiyuan_cart.py:176][INFO][4666963392] cart total price: 4363
[2019-07-25 21:40:21,768][zhiyuan_cart.py:183][INFO][4666963392] {'cp_id': 1, 'reduct_total': 1000, 'reduct_num': 200, 'availab': True}
[2019-07-25 21:40:21,768][zhiyuan_cart.py:184][INFO][4666963392] sum_product:<__main__.Cart object at 0x10e419518>
[2019-07-25 21:40:21,768][zhiyuan_cart.py:185][INFO][4666963392] 19
[2019-07-25 21:40:21,769][zhiyuan_cart.py:133][INFO][4666963392] 2019-08-28 12:28:23.000000 1000 200
[2019-07-25 21:40:21,769][zhiyuan_cart.py:135][INFO][4666963392] 4163.00
[2019-07-25 21:42:05,524][zhiyuan_cart.py:148][INFO][4637246912] 1 * 名称: 苹果平板电脑 型号: ipad_2012  2399.00
[2019-07-25 21:42:05,525][zhiyuan_cart.py:154][INFO][4637246912] 1 * 显示器 型号: displayer_2019  1799.00
[2019-07-25 21:42:05,525][zhiyuan_cart.py:160][INFO][4637246912] 12 * 啤酒 型号: Beer_0722  10.00
[2019-07-25 21:42:05,525][zhiyuan_cart.py:166][INFO][4637246912] 5 * 面包 型号: bread_0722  9.00
[2019-07-25 21:42:05,526][zhiyuan_cart.py:176][INFO][4637246912] cart total price: 4363
[2019-07-25 21:42:05,533][zhiyuan_cart.py:185][INFO][4637246912] 19
[2019-07-25 21:42:05,533][zhiyuan_cart.py:137][INFO][4637246912] 
[2019-07-25 21:42:05,533][zhiyuan_cart.py:139][INFO][4637246912] 4363
[2019-07-25 21:44:40,761][zhiyuan_cart.py:148][INFO][4643907008] 1 * 名称: 苹果平板电脑 型号: ipad_2012  2399.00
[2019-07-25 21:44:40,761][zhiyuan_cart.py:154][INFO][4643907008] 1 * 显示器 型号: displayer_2019  1799.00
[2019-07-25 21:44:40,761][zhiyuan_cart.py:160][INFO][4643907008] 12 * 啤酒 型号: Beer_0722  10.00
[2019-07-25 21:44:40,762][zhiyuan_cart.py:166][INFO][4643907008] 5 * 面包 型号: bread_0722  9.00
[2019-07-25 21:44:40,762][zhiyuan_cart.py:176][INFO][4643907008] cart total price: 4363
[2019-07-25 21:44:40,766][zhiyuan_cart.py:137][INFO][4643907008] 
[2019-07-25 21:44:40,767][zhiyuan_cart.py:139][INFO][4643907008] 4363
[2019-07-25 21:44:56,559][zhiyuan_cart.py:148][INFO][4634240448] 1 * 名称: 苹果平板电脑 型号: ipad_2012  2399.00
[2019-07-25 21:44:56,559][zhiyuan_cart.py:154][INFO][4634240448] 1 * 显示器 型号: displayer_2019  1799.00
[2019-07-25 21:44:56,559][zhiyuan_cart.py:160][INFO][4634240448] 12 * 啤酒 型号: Beer_0722  10.00
[2019-07-25 21:44:56,559][zhiyuan_cart.py:166][INFO][4634240448] 5 * 面包 型号: bread_0722  9.00
[2019-07-25 21:44:56,559][zhiyuan_cart.py:176][INFO][4634240448] cart total price: 4363
[2019-07-25 21:44:56,564][zhiyuan_cart.py:133][INFO][4634240448] 2019-08-28 12:28:23.000000 1000 200
[2019-07-25 21:44:56,564][zhiyuan_cart.py:135][INFO][4634240448] 4163.00
[2019-07-25 21:45:46,489][zhiyuan_cart.py:149][INFO][4469212608] 1 * 名称: 苹果平板电脑 型号: ipad_2012  2399.00
[2019-07-25 21:45:46,490][zhiyuan_cart.py:155][INFO][4469212608] 1 * 显示器 型号: displayer_2019  1799.00
[2019-07-25 21:45:46,490][zhiyuan_cart.py:161][INFO][4469212608] 12 * 啤酒 型号: Beer_0722  10.00
[2019-07-25 21:45:46,491][zhiyuan_cart.py:167][INFO][4469212608] 5 * 面包 型号: bread_0722  9.00
[2019-07-25 21:45:46,491][zhiyuan_cart.py:177][INFO][4469212608] cart total price: 4363
[2019-07-25 21:45:46,498][zhiyuan_cart.py:133][INFO][4469212608] 2019-07-25 21:45:46
[2019-07-25 21:45:46,498][zhiyuan_cart.py:134][INFO][4469212608] 2019-08-28 12:28:23.000000 1000 200
[2019-07-25 21:45:46,499][zhiyuan_cart.py:136][INFO][4469212608] 4163.00
[2019-07-25 21:47:02,137][zhiyuan_cart.py:149][INFO][4491163072] 1 * 名称: 苹果平板电脑 型号: ipad_2012  2399.00
[2019-07-25 21:47:02,139][zhiyuan_cart.py:155][INFO][4491163072] 1 * 显示器 型号: displayer_2019  1799.00
[2019-07-25 21:47:02,139][zhiyuan_cart.py:161][INFO][4491163072] 12 * 啤酒 型号: Beer_0722  10.00
[2019-07-25 21:47:02,139][zhiyuan_cart.py:167][INFO][4491163072] 5 * 面包 型号: bread_0722  9.00
[2019-07-25 21:47:02,139][zhiyuan_cart.py:177][INFO][4491163072] cart total price: 4363
[2019-07-25 21:47:02,146][zhiyuan_cart.py:133][INFO][4491163072] 2019.7.25
[2019-07-25 21:47:02,146][zhiyuan_cart.py:134][INFO][4491163072] 2019-08-28 12:28:23.000000 1000 200
[2019-07-25 21:47:02,146][zhiyuan_cart.py:136][INFO][4491163072] 4163.00
[2019-07-25 21:52:20,600][zhiyuan_cart.py:160][INFO][4520715712] 1 * 名称: 苹果平板电脑 型号: ipad_2012  2399.00
[2019-07-25 21:52:20,601][zhiyuan_cart.py:166][INFO][4520715712] 1 * 显示器 型号: displayer_2019  1799.00
[2019-07-25 21:52:20,601][zhiyuan_cart.py:172][INFO][4520715712] 12 * 啤酒 型号: Beer_0722  10.00
[2019-07-25 21:52:20,601][zhiyuan_cart.py:178][INFO][4520715712] 5 * 面包 型号: bread_0722  9.00
[2019-07-25 21:52:20,601][zhiyuan_cart.py:188][INFO][4520715712] cart total price: 4363
[2019-07-25 21:52:20,607][zhiyuan_cart.py:144][INFO][4520715712] 2019.7.25
[2019-07-25 21:52:20,607][zhiyuan_cart.py:145][INFO][4520715712] 2019-08-28 12:28:23.000000 1000 200
[2019-07-25 21:52:20,607][zhiyuan_cart.py:147][INFO][4520715712] 4163.00
[2019-07-25 21:52:30,928][zhiyuan_cart.py:160][INFO][4555621824] 1 * 名称: 苹果平板电脑 型号: ipad_2012  2399.00
[2019-07-25 21:52:30,929][zhiyuan_cart.py:166][INFO][4555621824] 1 * 显示器 型号: displayer_2019  1799.00
[2019-07-25 21:52:30,929][zhiyuan_cart.py:172][INFO][4555621824] 12 * 啤酒 型号: Beer_0722  10.00
[2019-07-25 21:52:30,929][zhiyuan_cart.py:178][INFO][4555621824] 5 * 面包 型号: bread_0722  9.00
[2019-07-25 21:52:30,929][zhiyuan_cart.py:188][INFO][4555621824] cart total price: 4363
[2019-07-25 21:52:30,933][zhiyuan_cart.py:144][INFO][4555621824] 2019.7.25
[2019-07-25 21:52:30,933][zhiyuan_cart.py:145][INFO][4555621824] 2019.8.28 1000 200
[2019-07-25 21:52:30,933][zhiyuan_cart.py:147][INFO][4555621824] 4163.00
[2019-07-25 21:53:09,069][zhiyuan_cart.py:161][INFO][4606113216] 1 * 名称: 苹果平板电脑 型号: ipad_2012  2399.00
[2019-07-25 21:53:09,069][zhiyuan_cart.py:167][INFO][4606113216] 1 * 显示器 型号: displayer_2019  1799.00
[2019-07-25 21:53:09,069][zhiyuan_cart.py:173][INFO][4606113216] 12 * 啤酒 型号: Beer_0722  10.00
[2019-07-25 21:53:09,069][zhiyuan_cart.py:179][INFO][4606113216] 5 * 面包 型号: bread_0722  9.00
[2019-07-25 21:53:09,069][zhiyuan_cart.py:189][INFO][4606113216] cart total price: 4363
[2019-07-25 21:53:09,073][zhiyuan_cart.py:144][INFO][4606113216] 2019.7.25
[2019-07-25 21:53:09,073][zhiyuan_cart.py:145][INFO][4606113216] 2019.8.28 1000 200
[2019-07-25 21:53:09,074][zhiyuan_cart.py:147][INFO][4606113216] 4163.00
[2019-07-25 21:53:19,386][zhiyuan_cart.py:161][INFO][4565378496] 1 * 名称: 苹果平板电脑 型号: ipad_2012  2399.00
[2019-07-25 21:53:19,386][zhiyuan_cart.py:167][INFO][4565378496] 1 * 显示器 型号: displayer_2019  1799.00
[2019-07-25 21:53:19,386][zhiyuan_cart.py:173][INFO][4565378496] 12 * 啤酒 型号: Beer_0722  10.00
[2019-07-25 21:53:19,386][zhiyuan_cart.py:179][INFO][4565378496] 5 * 面包 型号: bread_0722  9.00
[2019-07-25 21:53:19,386][zhiyuan_cart.py:189][INFO][4565378496] cart total price: 4363
[2019-07-25 21:53:19,390][zhiyuan_cart.py:149][INFO][4565378496] 2019.7.25
[2019-07-25 21:53:19,390][zhiyuan_cart.py:150][INFO][4565378496] 
[2019-07-25 21:53:19,390][zhiyuan_cart.py:152][INFO][4565378496] 4363
[2019-07-25 21:55:05,670][zhiyuan_cart.py:161][INFO][4393895360] 1 * 名称: 苹果平板电脑 型号: ipad_2012  2399.00
[2019-07-25 21:55:05,671][zhiyuan_cart.py:167][INFO][4393895360] 1 * 显示器 型号: displayer_2019  1799.00
[2019-07-25 21:55:05,671][zhiyuan_cart.py:173][INFO][4393895360] 12 * 啤酒 型号: Beer_0722  10.00
[2019-07-25 21:55:05,672][zhiyuan_cart.py:179][INFO][4393895360] 5 * 面包 型号: bread_0722  9.00
[2019-07-25 21:55:05,672][zhiyuan_cart.py:189][INFO][4393895360] cart total price: 4363.00
[2019-07-25 21:55:05,678][zhiyuan_cart.py:144][INFO][4393895360] 2019.7.25
[2019-07-25 21:55:05,679][zhiyuan_cart.py:145][INFO][4393895360] 2019.8.28 1000 200
[2019-07-25 21:56:05,061][zhiyuan_cart.py:161][INFO][4582135232] 1 * 名称: 苹果平板电脑 型号: ipad_2012  2399.00
[2019-07-25 21:56:05,061][zhiyuan_cart.py:167][INFO][4582135232] 1 * 显示器 型号: displayer_2019  1799.00
[2019-07-25 21:56:05,061][zhiyuan_cart.py:173][INFO][4582135232] 12 * 啤酒 型号: Beer_0722  10.00
[2019-07-25 21:56:05,061][zhiyuan_cart.py:179][INFO][4582135232] 5 * 面包 型号: bread_0722  9.00
[2019-07-25 21:56:05,062][zhiyuan_cart.py:189][INFO][4582135232] cart total price: 4363.00
[2019-07-25 21:56:05,066][zhiyuan_cart.py:144][INFO][4582135232] 2019.7.25
[2019-07-25 21:56:05,067][zhiyuan_cart.py:145][INFO][4582135232] 2019.8.28 1000 200
[2019-07-25 21:56:24,783][zhiyuan_cart.py:161][INFO][4496664000] 1 * 名称: 苹果平板电脑 型号: ipad_2012  2399.00
[2019-07-25 21:56:24,783][zhiyuan_cart.py:167][INFO][4496664000] 1 * 显示器 型号: displayer_2019  1799.00
[2019-07-25 21:56:24,783][zhiyuan_cart.py:173][INFO][4496664000] 12 * 啤酒 型号: Beer_0722  10.00
[2019-07-25 21:56:24,783][zhiyuan_cart.py:179][INFO][4496664000] 5 * 面包 型号: bread_0722  9.00
[2019-07-25 21:56:24,784][zhiyuan_cart.py:189][INFO][4496664000] cart total price: 4363.00
[2019-07-25 21:56:24,788][zhiyuan_cart.py:144][INFO][4496664000] 2019.7.25
[2019-07-25 21:56:24,788][zhiyuan_cart.py:145][INFO][4496664000] 2019.8.28 1000 200
[2019-07-25 21:56:24,788][zhiyuan_cart.py:147][INFO][4496664000] 4163.00
[2019-07-25 22:06:25,652][zhiyuan_cart.py:164][INFO][4411647424] 1 * 名称: 苹果平板电脑 型号: ipad_2012  2399.00
[2019-07-25 22:06:25,653][zhiyuan_cart.py:170][INFO][4411647424] 1 * 显示器 型号: displayer_2019  1799.00
[2019-07-25 22:06:25,653][zhiyuan_cart.py:176][INFO][4411647424] 12 * 啤酒 型号: Beer_0722  10.00
[2019-07-25 22:06:25,653][zhiyuan_cart.py:182][INFO][4411647424] 5 * 面包 型号: bread_0722  9.00
[2019-07-25 22:06:25,653][zhiyuan_cart.py:192][INFO][4411647424] cart total price: 4363.00
[2019-07-25 22:06:25,661][zhiyuan_cart.py:147][INFO][4411647424] 2019.7.25
[2019-07-25 22:06:25,661][zhiyuan_cart.py:148][INFO][4411647424] 2019.8.28 1000 200
[2019-07-25 22:06:25,661][zhiyuan_cart.py:150][INFO][4411647424] 4163.00
[2019-07-25 22:06:25,662][zhiyuan_cart.py:208][INFO][4411647424] 3 * 蔬菜 型号: vegetable_0722  5.98
[2019-07-25 22:06:25,662][zhiyuan_cart.py:213][INFO][4411647424] 8 * 餐巾纸 型号: napkin_0722  3.20
[2019-07-25 22:07:50,814][zhiyuan_cart.py:164][INFO][4537578944] 1 * 名称: 苹果平板电脑 型号: ipad_2012  2399.00
[2019-07-25 22:07:50,815][zhiyuan_cart.py:170][INFO][4537578944] 1 * 显示器 型号: displayer_2019  1799.00
[2019-07-25 22:07:50,815][zhiyuan_cart.py:176][INFO][4537578944] 12 * 啤酒 型号: Beer_0722  10.00
[2019-07-25 22:07:50,816][zhiyuan_cart.py:182][INFO][4537578944] 5 * 面包 型号: bread_0722  9.00
[2019-07-25 22:07:50,816][zhiyuan_cart.py:192][INFO][4537578944] cart total price: 4363.00
[2019-07-25 22:07:50,823][zhiyuan_cart.py:147][INFO][4537578944] 2019.7.25
[2019-07-25 22:07:50,823][zhiyuan_cart.py:148][INFO][4537578944] 2019.8.28 1000 200
[2019-07-25 22:07:50,824][zhiyuan_cart.py:150][INFO][4537578944] 4163.00
[2019-07-25 22:07:50,824][zhiyuan_cart.py:207][INFO][4537578944] 3 * 蔬菜 型号: vegetable_0722  5.98
[2019-07-25 22:07:50,824][zhiyuan_cart.py:212][INFO][4537578944] 8 * 餐巾纸 型号: napkin_0722  3.20
[2019-07-25 22:07:50,824][zhiyuan_cart.py:152][INFO][4537578944] 2019.7.25
[2019-07-25 22:07:50,824][zhiyuan_cart.py:153][INFO][4537578944] 
[2019-07-25 22:07:50,824][zhiyuan_cart.py:155][INFO][4537578944] 0.00
[2019-07-25 22:08:48,708][zhiyuan_cart.py:164][INFO][4625835456] 1 * 名称: 苹果平板电脑 型号: ipad_2012  2399.00
[2019-07-25 22:08:48,708][zhiyuan_cart.py:170][INFO][4625835456] 1 * 显示器 型号: displayer_2019  1799.00
[2019-07-25 22:08:48,708][zhiyuan_cart.py:176][INFO][4625835456] 12 * 啤酒 型号: Beer_0722  10.00
[2019-07-25 22:08:48,708][zhiyuan_cart.py:182][INFO][4625835456] 5 * 面包 型号: bread_0722  9.00
[2019-07-25 22:08:48,708][zhiyuan_cart.py:192][INFO][4625835456] cart total price: 4363.00
[2019-07-25 22:08:48,714][zhiyuan_cart.py:147][INFO][4625835456] 2019.7.25
[2019-07-25 22:08:48,714][zhiyuan_cart.py:148][INFO][4625835456] 2019.8.28 1000 200
[2019-07-25 22:08:48,714][zhiyuan_cart.py:150][INFO][4625835456] 4163.00
[2019-07-25 22:08:48,714][zhiyuan_cart.py:207][INFO][4625835456] 3 * 蔬菜 型号: vegetable_0722  5.98
[2019-07-25 22:08:48,714][zhiyuan_cart.py:212][INFO][4625835456] 8 * 餐巾纸 型号: napkin_0722  3.20
[2019-07-25 22:08:48,714][zhiyuan_cart.py:152][INFO][4625835456] 2019.7.25
[2019-07-25 22:08:48,714][zhiyuan_cart.py:153][INFO][4625835456] 
[2019-07-25 22:08:48,714][zhiyuan_cart.py:155][INFO][4625835456] 0.00
[2019-07-25 22:08:55,754][zhiyuan_cart.py:164][INFO][4711409088] 1 * 名称: 苹果平板电脑 型号: ipad_2012  2399.00
[2019-07-25 22:08:55,754][zhiyuan_cart.py:170][INFO][4711409088] 1 * 显示器 型号: displayer_2019  1799.00
[2019-07-25 22:08:55,754][zhiyuan_cart.py:176][INFO][4711409088] 12 * 啤酒 型号: Beer_0722  10.00
[2019-07-25 22:08:55,754][zhiyuan_cart.py:182][INFO][4711409088] 5 * 面包 型号: bread_0722  9.00
[2019-07-25 22:08:55,754][zhiyuan_cart.py:192][INFO][4711409088] cart total price: 4363.00
[2019-07-25 22:08:55,759][zhiyuan_cart.py:147][INFO][4711409088] 2019.7.25
[2019-07-25 22:08:55,759][zhiyuan_cart.py:148][INFO][4711409088] 2019.8.28 1000 200
[2019-07-25 22:08:55,759][zhiyuan_cart.py:150][INFO][4711409088] 4163.00
[2019-07-25 22:08:55,759][zhiyuan_cart.py:207][INFO][4711409088] 3 * 蔬菜 型号: vegetable_0722  5.98
[2019-07-25 22:08:55,759][zhiyuan_cart.py:212][INFO][4711409088] 8 * 餐巾纸 型号: napkin_0722  3.20
[2019-07-25 22:08:55,759][zhiyuan_cart.py:152][INFO][4711409088] 2019.7.25
[2019-07-25 22:08:55,759][zhiyuan_cart.py:153][INFO][4711409088] 
[2019-07-25 22:08:55,759][zhiyuan_cart.py:155][INFO][4711409088] 43.54
[2019-07-25 22:27:21,629][zy_cart.py:165][INFO][4705121728] 1 * 名称: 苹果平板电脑 型号: ipad_2012  2399.00
[2019-07-25 22:27:21,631][zy_cart.py:171][INFO][4705121728] 1 * 显示器 型号: displayer_2019  1799.00
[2019-07-25 22:27:21,631][zy_cart.py:177][INFO][4705121728] 12 * 啤酒 型号: Beer_0722  10.00
[2019-07-25 22:27:21,631][zy_cart.py:183][INFO][4705121728] 5 * 面包 型号: bread_0722  9.00
[2019-07-25 22:27:21,631][zy_cart.py:193][INFO][4705121728] cart total price: 4363.00
[2019-07-25 22:27:21,637][zy_cart.py:148][INFO][4705121728] 2019.7.25
[2019-07-25 22:27:21,637][zy_cart.py:149][INFO][4705121728] 2019.8.28 1000 200
[2019-07-25 22:27:21,638][zy_cart.py:151][INFO][4705121728] 4163.00
[2019-07-25 22:27:21,638][zy_cart.py:208][INFO][4705121728] 3 * 蔬菜 型号: vegetable_0722  5.98
[2019-07-25 22:27:21,638][zy_cart.py:213][INFO][4705121728] 8 * 餐巾纸 型号: napkin_0722  3.20
[2019-07-25 22:27:21,638][zy_cart.py:153][INFO][4705121728] 2019.7.25
[2019-07-25 22:27:21,638][zy_cart.py:154][INFO][4705121728] 
[2019-07-25 22:27:21,638][zy_cart.py:156][INFO][4705121728] 43.54
[2019-07-25 22:34:10,868][zy_cart.py:148][INFO][4457276864] 2019.7.25
[2019-07-25 22:34:10,869][zy_cart.py:149][INFO][4457276864] 2019.8.28 1000 200
[2019-07-25 22:34:10,869][zy_cart.py:151][INFO][4457276864] 1764.00
[2019-07-25 22:34:19,066][zy_cart.py:148][INFO][4394685888] 2019.7.25
[2019-07-25 22:34:19,067][zy_cart.py:149][INFO][4394685888] 2019.8.28 1000 200
[2019-07-25 22:34:19,068][zy_cart.py:151][INFO][4394685888] 1764.00
[2019-07-25 22:36:35,959][zy_cart.py:148][INFO][4686435776] 2019.7.25
[2019-07-25 22:36:35,960][zy_cart.py:149][INFO][4686435776] 2019.8.28 1000 200
[2019-07-25 22:36:35,961][zy_cart.py:151][INFO][4686435776] 1764.00
[2019-07-25 22:37:15,053][zy_cart.py:148][INFO][4461299136] 2019.7.25
[2019-07-25 22:37:15,054][zy_cart.py:149][INFO][4461299136] 2019.8.28 1000 200
[2019-07-25 22:37:15,054][zy_cart.py:151][INFO][4461299136] 1764.00
[2019-07-25 22:38:49,182][zy_cart.py:148][INFO][4365297088] 2019.7.25
[2019-07-25 22:38:49,182][zy_cart.py:149][INFO][4365297088] 2019.8.28 1000 200
[2019-07-25 22:38:49,182][zy_cart.py:151][INFO][4365297088] 1764.00
[2019-07-25 22:41:31,444][zy_cart.py:148][INFO][4459234752] 2019.7.25
[2019-07-25 22:41:31,444][zy_cart.py:149][INFO][4459234752] 2019.8.28 1000 200
[2019-07-25 22:41:31,444][zy_cart.py:151][INFO][4459234752] 1764.00
[2019-07-25 22:43:09,336][zy_cart.py:148][INFO][4665628096] 2019.7.25
[2019-07-25 22:43:09,338][zy_cart.py:149][INFO][4665628096] 2019.8.28 1000 200
[2019-07-25 22:43:09,338][zy_cart.py:151][INFO][4665628096] 1764.00
[2019-07-25 22:47:35,219][zy_cart.py:148][INFO][4603483584] 2019.7.25
[2019-07-25 22:47:35,220][zy_cart.py:149][INFO][4603483584] 2019.8.28 1000 200
[2019-07-25 22:47:35,220][zy_cart.py:151][INFO][4603483584] 1764.00
[2019-07-25 22:47:37,229][zy_cart.py:153][INFO][4603483584] 2019.7.25
[2019-07-25 22:47:37,229][zy_cart.py:154][INFO][4603483584] 
[2019-07-25 22:47:37,229][zy_cart.py:156][INFO][4603483584] 43.54
[2019-07-25 22:52:26,570][zy_cart.py:165][INFO][4598789568] 1 * 名称: 苹果平板电脑 型号: ipad_2012  2399.00
[2019-07-25 22:52:26,571][zy_cart.py:171][INFO][4598789568] 1 * 显示器 型号: displayer_2019  1799.00
[2019-07-25 22:52:26,571][zy_cart.py:177][INFO][4598789568] 12 * 啤酒 型号: Beer_0722  10.00
[2019-07-25 22:52:26,571][zy_cart.py:183][INFO][4598789568] 5 * 面包 型号: bread_0722  9.00
[2019-07-25 22:52:26,571][zy_cart.py:193][INFO][4598789568] cart total price: 4363.00
[2019-07-25 22:52:26,577][zy_cart.py:148][INFO][4598789568] 2019.7.25
[2019-07-25 22:52:26,577][zy_cart.py:149][INFO][4598789568] 2019.8.28 1000 200
[2019-07-25 22:52:26,578][zy_cart.py:151][INFO][4598789568] 4163.00
[2019-07-25 22:57:23,818][zy_cart.py:165][INFO][4681602496] 1 * 名称: 苹果平板电脑 型号: ipad_2012  2399.00
[2019-07-25 22:57:23,818][zy_cart.py:171][INFO][4681602496] 1 * 显示器 型号: displayer_2019  1799.00
[2019-07-25 22:57:23,819][zy_cart.py:177][INFO][4681602496] 12 * 啤酒 型号: Beer_0722  25.00
[2019-07-25 22:57:23,819][zy_cart.py:183][INFO][4681602496] 5 * 面包 型号: bread_0722  9.00
[2019-07-25 22:57:23,819][zy_cart.py:193][INFO][4681602496] cart total price: 4543.00
[2019-07-25 22:57:23,827][zy_cart.py:148][INFO][4681602496] 2019.7.25
[2019-07-25 22:57:23,827][zy_cart.py:149][INFO][4681602496] 2019.8.28 1000 200
[2019-07-25 22:57:23,827][zy_cart.py:151][INFO][4681602496] 4343.00
[2019-07-25 23:15:33,920][zy_cart.py:153][INFO][4635428288] 2019.7.25
[2019-07-25 23:15:33,921][zy_cart.py:154][INFO][4635428288] 
[2019-07-25 23:15:33,921][zy_cart.py:156][INFO][4635428288] 43.54
[2019-07-25 23:15:35,929][zy_cart.py:148][INFO][4635428288] 2019.7.25
[2019-07-25 23:15:35,929][zy_cart.py:149][INFO][4635428288] 2021.1.28 1000 200
[2019-07-25 23:15:35,929][zy_cart.py:151][INFO][4635428288] 1599.00
[2019-07-25 23:15:37,939][zy_cart.py:153][INFO][4635428288] 2019.7.25
[2019-07-25 23:15:37,940][zy_cart.py:154][INFO][4635428288] 
[2019-07-25 23:15:37,940][zy_cart.py:156][INFO][4635428288] 1799.00
[2019-07-25 23:20:07,637][zy_cart.py:148][INFO][4719113664] 2019.7.25
[2019-07-25 23:20:07,639][zy_cart.py:149][INFO][4719113664] 2019.8.28 1000 200
[2019-07-25 23:20:07,639][zy_cart.py:151][INFO][4719113664] 4343.00
[2019-07-25 23:20:27,819][zy_cart.py:148][INFO][4714509760] 2019.7.25
[2019-07-25 23:20:27,819][zy_cart.py:149][INFO][4714509760] 2019.8.28 1000 200
[2019-07-25 23:20:27,819][zy_cart.py:151][INFO][4714509760] 4343.00
[2019-07-25 23:20:29,829][zy_cart.py:153][INFO][4714509760] 2019.7.25
[2019-07-25 23:20:29,829][zy_cart.py:154][INFO][4714509760] 
[2019-07-25 23:20:29,830][zy_cart.py:156][INFO][4714509760] 43.54
[2019-07-25 23:20:31,835][zy_cart.py:148][INFO][4714509760] 2019.7.25
[2019-07-25 23:20:31,835][zy_cart.py:149][INFO][4714509760] 2021.1.28 1000 200
[2019-07-25 23:20:31,836][zy_cart.py:151][INFO][4714509760] 1599.00
[2019-07-25 23:20:33,843][zy_cart.py:153][INFO][4714509760] 2019.7.25
[2019-07-25 23:20:33,844][zy_cart.py:154][INFO][4714509760] 
[2019-07-25 23:20:33,844][zy_cart.py:156][INFO][4714509760] 1799.00
[2019-07-25 23:23:46,665][zy_cart.py:165][INFO][4649067968] 1 * 名称: 苹果平板电脑 型号: ipad_2012  2399.00
[2019-07-25 23:23:46,665][zy_cart.py:171][INFO][4649067968] 5 * 啤酒 型号: Beer_0722  25.00
[2019-07-25 23:23:46,666][zy_cart.py:176][INFO][4649067968] cart total price: 2524.00
[2019-07-25 23:23:46,671][zy_cart.py:148][INFO][4649067968] 2019.7.25
[2019-07-25 23:23:46,671][zy_cart.py:149][INFO][4649067968] 2019.8.28 1000 200
[2019-07-25 23:23:46,671][zy_cart.py:151][INFO][4649067968] 2324.00
[2019-07-25 23:23:46,671][zy_cart.py:183][INFO][4649067968] 购物车包含6 个物品，总共价格 2524.00 元
[2019-07-25 23:23:46,671][zy_cart.py:185][INFO][4649067968] 购物车包含5 个物品，总共价格 125.00 元
[2019-07-25 23:24:37,041][zy_cart.py:165][INFO][4588021184] 1 * 名称: 苹果平板电脑 型号: ipad_2012  2399.00
[2019-07-25 23:24:37,042][zy_cart.py:171][INFO][4588021184] 5 * 啤酒 型号: Beer_0722  25.00
[2019-07-25 23:24:37,042][zy_cart.py:176][INFO][4588021184] cart total price: 2524.00
[2019-07-25 23:24:37,047][zy_cart.py:148][INFO][4588021184] 2019.7.25
[2019-07-25 23:24:37,047][zy_cart.py:149][INFO][4588021184] 2019.8.28 1000 200
[2019-07-25 23:24:37,048][zy_cart.py:151][INFO][4588021184] 2324.00
[2019-07-25 23:24:37,048][zy_cart.py:183][INFO][4588021184] 购物车包含6 个物品，总共价格 2524.00 元, 使用优惠券后2324.00元
[2019-07-25 23:24:37,048][zy_cart.py:185][INFO][4588021184] 购物车包含5 个物品，总共价格 125.00 元
[2019-07-25 23:25:41,327][zy_cart.py:148][INFO][4545615296] 2019.7.25
[2019-07-25 23:25:41,329][zy_cart.py:149][INFO][4545615296] 2019.8.28 1000 200
[2019-07-25 23:25:41,329][zy_cart.py:151][INFO][4545615296] 4343.00
[2019-07-25 23:27:15,722][zy_cart.py:148][INFO][4567881152] 2019.7.25
[2019-07-25 23:27:15,723][zy_cart.py:149][INFO][4567881152] 2019.8.28 1000 200
[2019-07-25 23:27:15,724][zy_cart.py:151][INFO][4567881152] 4343.00
[2019-07-25 23:27:17,735][zy_cart.py:153][INFO][4567881152] 2019.7.25
[2019-07-25 23:27:17,735][zy_cart.py:154][INFO][4567881152] 
[2019-07-25 23:27:17,735][zy_cart.py:156][INFO][4567881152] 43.54
[2019-07-25 23:27:19,748][zy_cart.py:148][INFO][4567881152] 2019.7.25
[2019-07-25 23:27:19,748][zy_cart.py:149][INFO][4567881152] 2021.1.28 1000 200
[2019-07-25 23:27:19,749][zy_cart.py:151][INFO][4567881152] 1599.00
[2019-07-25 23:27:21,756][zy_cart.py:153][INFO][4567881152] 2019.7.25
[2019-07-25 23:27:21,756][zy_cart.py:154][INFO][4567881152] 
[2019-07-25 23:27:21,756][zy_cart.py:156][INFO][4567881152] 1799.00
[2019-07-25 23:27:56,874][zy_cart.py:148][INFO][4457244096] 2019.7.25
[2019-07-25 23:27:56,874][zy_cart.py:149][INFO][4457244096] 2019.8.28 1000 200
[2019-07-25 23:27:56,875][zy_cart.py:151][INFO][4457244096] 4343.00
[2019-07-25 23:27:58,881][zy_cart.py:153][INFO][4457244096] 2019.7.25
[2019-07-25 23:27:58,881][zy_cart.py:154][INFO][4457244096] 
[2019-07-25 23:27:58,881][zy_cart.py:156][INFO][4457244096] 43.54
[2019-07-25 23:28:00,894][zy_cart.py:148][INFO][4457244096] 2019.7.25
[2019-07-25 23:28:00,894][zy_cart.py:149][INFO][4457244096] 2021.1.28 1000 200
[2019-07-25 23:28:00,894][zy_cart.py:151][INFO][4457244096] 1599.00
[2019-07-25 23:28:02,903][zy_cart.py:153][INFO][4457244096] 2019.7.25
[2019-07-25 23:28:02,903][zy_cart.py:154][INFO][4457244096] 
[2019-07-25 23:28:02,903][zy_cart.py:156][INFO][4457244096] 1799.00
[2019-07-25 23:31:43,999][cart.py:148][INFO][4501444032] 2019.7.25
[2019-07-25 23:31:43,999][cart.py:149][INFO][4501444032] 2019.8.28 1000 200
[2019-07-25 23:31:44,000][cart.py:151][INFO][4501444032] 4343.00
[2019-07-25 23:31:46,012][cart.py:153][INFO][4501444032] 2019.7.25
[2019-07-25 23:31:46,013][cart.py:154][INFO][4501444032] 
[2019-07-25 23:31:46,013][cart.py:156][INFO][4501444032] 43.54
[2019-07-25 23:31:48,023][cart.py:148][INFO][4501444032] 2019.7.25
[2019-07-25 23:31:48,023][cart.py:149][INFO][4501444032] 2021.1.28 1000 200
[2019-07-25 23:31:48,024][cart.py:151][INFO][4501444032] 1599.00
[2019-07-25 23:31:50,033][cart.py:153][INFO][4501444032] 2019.7.25
[2019-07-25 23:31:50,033][cart.py:154][INFO][4501444032] 
[2019-07-25 23:31:50,033][cart.py:156][INFO][4501444032] 1799.00
[2019-07-25 23:32:24,737][cart.py:148][INFO][4312810944] 2019.7.25
[2019-07-25 23:32:24,738][cart.py:149][INFO][4312810944] 2019.8.28 1000 200
[2019-07-25 23:32:24,738][cart.py:151][INFO][4312810944] 4343.00
[2019-07-25 23:32:26,742][cart.py:153][INFO][4312810944] 2019.7.25
[2019-07-25 23:32:26,742][cart.py:154][INFO][4312810944] 
[2019-07-25 23:32:26,742][cart.py:156][INFO][4312810944] 43.54
[2019-07-25 23:32:28,751][cart.py:148][INFO][4312810944] 2019.7.25
[2019-07-25 23:32:28,752][cart.py:149][INFO][4312810944] 2021.1.28 1000 200
[2019-07-25 23:32:28,752][cart.py:151][INFO][4312810944] 1599.00
[2019-07-25 23:32:30,759][cart.py:153][INFO][4312810944] 2019.7.25
[2019-07-25 23:32:30,759][cart.py:154][INFO][4312810944] 
[2019-07-25 23:32:30,760][cart.py:156][INFO][4312810944] 1799.00
[2019-07-25 23:36:12,133][cart.py:148][INFO][4510860736] 2019.7.25
[2019-07-25 23:36:12,134][cart.py:149][INFO][4510860736] 2019.8.28 1000 200
[2019-07-25 23:36:12,135][cart.py:151][INFO][4510860736] 4343.00
[2019-07-25 23:36:14,143][cart.py:153][INFO][4510860736] 2019.7.25
[2019-07-25 23:36:14,143][cart.py:154][INFO][4510860736] 
[2019-07-25 23:36:14,144][cart.py:156][INFO][4510860736] 43.54
[2019-07-25 23:36:16,156][cart.py:148][INFO][4510860736] 2019.7.25
[2019-07-25 23:36:16,157][cart.py:149][INFO][4510860736] 2021.1.28 1000 200
[2019-07-25 23:36:16,157][cart.py:151][INFO][4510860736] 1599.00
[2019-07-25 23:36:18,166][cart.py:153][INFO][4510860736] 2019.7.25
[2019-07-25 23:36:18,166][cart.py:154][INFO][4510860736] 
[2019-07-25 23:36:18,167][cart.py:156][INFO][4510860736] 1799.00
[2019-07-25 23:38:43,367][cart.py:148][INFO][4707792320] 2019.7.25
[2019-07-25 23:38:43,369][cart.py:149][INFO][4707792320] 2019.8.28 1000 200
[2019-07-25 23:38:43,369][cart.py:151][INFO][4707792320] 4343.00
[2019-07-25 23:38:45,377][cart.py:153][INFO][4707792320] 2019.7.25
[2019-07-25 23:38:45,377][cart.py:154][INFO][4707792320] 
[2019-07-25 23:38:45,377][cart.py:156][INFO][4707792320] 43.54
[2019-07-25 23:38:47,384][cart.py:148][INFO][4707792320] 2019.7.25
[2019-07-25 23:38:47,385][cart.py:149][INFO][4707792320] 2021.1.28 1000 200
[2019-07-25 23:38:47,385][cart.py:151][INFO][4707792320] 1599.00
[2019-07-25 23:38:49,389][cart.py:153][INFO][4707792320] 2019.7.25
[2019-07-25 23:38:49,389][cart.py:154][INFO][4707792320] 
[2019-07-25 23:38:49,389][cart.py:156][INFO][4707792320] 1799.00
[2019-07-25 23:38:58,368][cart.py:165][INFO][4549604800] 1 * 名称: 苹果平板电脑 型号: ipad_2012  2399.00
[2019-07-25 23:38:58,369][cart.py:171][INFO][4549604800] 5 * 啤酒 型号: Beer_0722  25.00
[2019-07-25 23:38:58,369][cart.py:176][INFO][4549604800] cart total price: 2524.00
[2019-07-25 23:38:58,376][cart.py:148][INFO][4549604800] 2019.7.25
[2019-07-25 23:38:58,376][cart.py:149][INFO][4549604800] 2019.8.28 1000 200
[2019-07-25 23:38:58,377][cart.py:151][INFO][4549604800] 2324.00
[2019-07-25 23:38:58,377][cart.py:183][INFO][4549604800] 购物车包含6 个物品，总共价格 2524.00 元, 使用优惠券后2324.00元
[2019-07-25 23:38:58,377][cart.py:185][INFO][4549604800] 购物车包含5 个物品，总共价格 125.00 元
